
> frontend@0.1.0 build /home/camilocf/projects/personal/ai_dev_tools/restricted-diet-cookbook-ai/apps/web
> next build

   ▲ Next.js 14.1.0

   Creating an optimized production build ...
(node:21426) [DEP0040] DeprecationWarning: The `punycode` module is deprecated. Please use a userland alternative instead.
(Use `node --trace-deprecation ...` to show where the warning was created)
<w> [webpack.cache.PackFileCacheStrategy] Caching failed for pack: Error: Unable to snapshot resolve dependencies
(node:21594) [DEP0040] DeprecationWarning: The `punycode` module is deprecated. Please use a userland alternative instead.
(Use `node --trace-deprecation ...` to show where the warning was created)
request to https://fonts.gstatic.com/s/inter/v20/UcC73FwrK3iLTeHuS_nVMrMxCp50SjIa2pL7W0Q5n-wU.woff2 failed, reason: 

Retrying 1/3...
request to https://fonts.gstatic.com/s/inter/v20/UcC73FwrK3iLTeHuS_nVMrMxCp50SjIa25L7W0Q5n-wU.woff2 failed, reason: 

Retrying 1/3...
request to https://fonts.gstatic.com/s/inter/v20/UcC73FwrK3iLTeHuS_nVMrMxCp50SjIa1ZL7W0Q5nw.woff2 failed, reason: 

Retrying 1/3...
<w> [webpack.cache.PackFileCacheStrategy] Caching failed for pack: Error: Unable to snapshot resolve dependencies
Failed to compile.

./src/app/globals.css
Module not found: Can't resolve 'tailwindcss'

https://nextjs.org/docs/messages/module-not-found

Import trace for requested module:
./src/app/globals.css

./src/app/globals.css
Error: Can't resolve 'tailwindcss'
    at finishWithoutResolve (/home/camilocf/projects/personal/ai_dev_tools/restricted-diet-cookbook-ai/node_modules/.pnpm/next@14.1.0_@babel+core@7.28.5_react-dom@18.2.0_react@18.2.0/node_modules/next/dist/compiled/webpack/bundle5.js:1:191673)
    at /home/camilocf/projects/personal/ai_dev_tools/restricted-diet-cookbook-ai/node_modules/.pnpm/next@14.1.0_@babel+core@7.28.5_react-dom@18.2.0_react@18.2.0/node_modules/next/dist/compiled/webpack/bundle5.js:1:192573
    at /home/camilocf/projects/personal/ai_dev_tools/restricted-diet-cookbook-ai/node_modules/.pnpm/next@14.1.0_@babel+core@7.28.5_react-dom@18.2.0_react@18.2.0/node_modules/next/dist/compiled/webpack/bundle5.js:1:193202
    at eval (eval at create (/home/camilocf/projects/personal/ai_dev_tools/restricted-diet-cookbook-ai/node_modules/.pnpm/next@14.1.0_@babel+core@7.28.5_react-dom@18.2.0_react@18.2.0/node_modules/next/dist/compiled/webpack/bundle5.js:13:28867), <anonymous>:16:1)
    at /home/camilocf/projects/personal/ai_dev_tools/restricted-diet-cookbook-ai/node_modules/.pnpm/next@14.1.0_@babel+core@7.28.5_react-dom@18.2.0_react@18.2.0/node_modules/next/dist/compiled/webpack/bundle5.js:1:193202
    at eval (eval at create (/home/camilocf/projects/personal/ai_dev_tools/restricted-diet-cookbook-ai/node_modules/.pnpm/next@14.1.0_@babel+core@7.28.5_react-dom@18.2.0_react@18.2.0/node_modules/next/dist/compiled/webpack/bundle5.js:13:28867), <anonymous>:27:1)
    at /home/camilocf/projects/personal/ai_dev_tools/restricted-diet-cookbook-ai/node_modules/.pnpm/next@14.1.0_@babel+core@7.28.5_react-dom@18.2.0_react@18.2.0/node_modules/next/dist/compiled/webpack/bundle5.js:1:176193
    at /home/camilocf/projects/personal/ai_dev_tools/restricted-diet-cookbook-ai/node_modules/.pnpm/next@14.1.0_@babel+core@7.28.5_react-dom@18.2.0_react@18.2.0/node_modules/next/dist/compiled/webpack/bundle5.js:1:193202
    at eval (eval at create (/home/camilocf/projects/personal/ai_dev_tools/restricted-diet-cookbook-ai/node_modules/.pnpm/next@14.1.0_@babel+core@7.28.5_react-dom@18.2.0_react@18.2.0/node_modules/next/dist/compiled/webpack/bundle5.js:13:28867), <anonymous>:16:1)
    at /home/camilocf/projects/personal/ai_dev_tools/restricted-diet-cookbook-ai/node_modules/.pnpm/next@14.1.0_@babel+core@7.28.5_react-dom@18.2.0_react@18.2.0/node_modules/next/dist/compiled/webpack/bundle5.js:1:208291

https://nextjs.org/docs/messages/module-not-found


> Build failed because of webpack errors
 ELIFECYCLE  Command failed with exit code 1.
